C51 COMPILER V9.53.0.0   KEY                                                               04/20/2019 14:05:02 PAGE 1   


C51 COMPILER V9.53.0.0, COMPILATION OF MODULE KEY
OBJECT MODULE PLACED IN key.OBJ
COMPILER INVOKED BY: D:\Program Files\Keil_v5\C51\BIN\C51.EXE key.c COMPACT OPTIMIZE(8,SPEED) BROWSE DEBUG OBJECTEXTEND

line level    source

   1          #include "key.h"
   2          #include "park.h"
   3          
   4          //unsigned char KeyValue = 0;
   5          
   6          /*
   7          void KeyScan(void)
   8          {
   9                  unsigned char i;
  10                  char str[10];
  11                  if (KeyValue == 1 && capacity > 0 && isAllow)
  12                  {
  13                          EA = 0;
  14                          LcdWriteCom(0x80+0x40);
  15                          LcdWriteStr("    Welcome!    ");
  16                          car_in_out();
  17                          capacity--;
  18                          sprintf(dis_data, "   SPACE: %03d   ", capacity);
  19                          LcdInit();
  20                          for(i=0;i<16 && dis_data[i] != 0;i++)
  21                          {
  22                                  LcdWriteData(dis_data[i]);      
  23                          }
  24                          LcdWriteCom(0x80+0x40);
  25                          LcdWriteStr("                ");
  26                          
  27                          sprintf(str, "M%.1d%03d\n", isAllow, capacity);
  28                          sendString(str);
  29                          
  30                          KeyValue = 0;
  31                          EA = 1;
  32                  }
  33                  else if (KeyValue == 1 && capacity == 0)
  34                  {
  35                          LcdWriteCom(0x80+0x40);
  36                          LcdWriteStr("THE PARK IS FULL");
  37                          KeyValue = 0;
  38                  }
  39                  if (KeyValue == 2 && capacity < MAXSIZE && isAllow)
  40                  {
  41                          EA = 0;
  42                          LcdWriteCom(0x80+0x40);
  43                          LcdWriteStr("   Bon voyage!  ");
  44                          car_in_out();
  45                          capacity++;
  46                          sprintf(dis_data, "   SPACE: %03d   ", capacity);
  47                          LcdInit();
  48                          for(i=0;i<16 && dis_data[i] != 0;i++)
  49                          {
  50                                  LcdWriteData(dis_data[i]);      
  51                          }
  52                          LcdWriteCom(0x80+0x40);
  53                          LcdWriteStr("                ");
  54                          
  55                          sprintf(str, "M%.1d%03d\n", isAllow, capacity);
C51 COMPILER V9.53.0.0   KEY                                                               04/20/2019 14:05:02 PAGE 2   

  56                          sendString(str);
  57                          
  58                          KeyValue = 0;
  59                          EA = 1;
  60                  }       
  61          }
  62          */
  63          void IntConfiguration()
  64          {
  65   1              IT0 = 1;
  66   1              EX0 = 1;
  67   1              
  68   1              IT1 = 1;
  69   1              EX1 = 1;
  70   1              
  71   1              EA = 1; 
  72   1      }
  73          
  74          void Int0()     interrupt 0             
  75          {
  76   1              delay_ms(10);    
  77   1              if(car_in == 0)
  78   1              {
  79   2                      P10 = 0;
  80   2                      P11 = 1;
  81   2                      while (car_in == 0);
  82   2              }
  83   1              P11 = 0;
  84   1              //KeyScan();
  85   1      }
  86          
  87          void Int1() interrupt 2         
  88          {
  89   1              delay_ms(10);           
  90   1              if(car_out == 0)
  91   1              {
  92   2                      P10 = 1;
  93   2                      P11 = 0;        
  94   2                      while(car_out == 0);
  95   2              }
  96   1              P10 = 0;
  97   1              //KeyScan();
  98   1      }


MODULE INFORMATION:   STATIC OVERLAYABLE
   CODE SIZE        =    161    ----
   CONSTANT SIZE    =   ----    ----
   XDATA SIZE       =   ----    ----
   PDATA SIZE       =   ----    ----
   DATA SIZE        =   ----    ----
   IDATA SIZE       =   ----    ----
   BIT SIZE         =   ----    ----
END OF MODULE INFORMATION.


C51 COMPILATION COMPLETE.  0 WARNING(S),  0 ERROR(S)
