C51 COMPILER V9.53.0.0   LCD                                                               04/19/2019 19:32:55 PAGE 1   


C51 COMPILER V9.53.0.0, COMPILATION OF MODULE LCD
OBJECT MODULE PLACED IN lcd.OBJ
COMPILER INVOKED BY: D:\Program Files\Keil_v5\C51\BIN\C51.EXE lcd.c COMPACT OPTIMIZE(8,SPEED) BROWSE DEBUG OBJECTEXTEND

line level    source

   1          #include"lcd.h"
   2          
   3          void Lcd1602_Delay1ms(uint c)
   4          {
   5   1          uchar a,b;
   6   1              for (; c>0; c--)
   7   1              {
   8   2                       for (b=199;b>0;b--)
   9   2                       {
  10   3                              for(a=1;a>0;a--);
  11   3                       }      
  12   2              }
  13   1              
  14   1      }
  15          
  16          void LcdWriteCom(uchar com)       
  17          {
  18   1              LCD1602_E = 0;     
  19   1              LCD1602_RS = 0;    
  20   1              LCD1602_RW = 0;    
  21   1              
  22   1              LCD1602_DATAPINS = com;     
  23   1              Lcd1602_Delay1ms(1);            
  24   1      
  25   1              LCD1602_E = 1;          
  26   1              Lcd1602_Delay1ms(5);      
  27   1              LCD1602_E = 0;
  28   1      }
  29          
  30          void LcdWriteData(uchar dat)                    
  31          {
  32   1              LCD1602_E = 0;   
  33   1              LCD1602_RS = 1;  
  34   1              LCD1602_RW = 0;   
  35   1      
  36   1              LCD1602_DATAPINS = dat; 
  37   1              Lcd1602_Delay1ms(1);
  38   1      
  39   1              LCD1602_E = 1;    
  40   1              Lcd1602_Delay1ms(5);
  41   1              LCD1602_E = 0;
  42   1      }
  43          
  44          void LcdInit()                                  
  45          {
  46   1              LcdWriteCom(0x38); 
  47   1              LcdWriteCom(0x0c);  
  48   1              LcdWriteCom(0x06);  
  49   1              LcdWriteCom(0x01);  
  50   1      }
  51          
  52          void LcdWriteStr(char *str)
  53          {
  54   1              while (*str != 0)
  55   1              {
C51 COMPILER V9.53.0.0   LCD                                                               04/19/2019 19:32:55 PAGE 2   

  56   2                      LcdWriteData(*str);
  57   2                      str++;
  58   2              }
  59   1      }


MODULE INFORMATION:   STATIC OVERLAYABLE
   CODE SIZE        =    101    ----
   CONSTANT SIZE    =   ----    ----
   XDATA SIZE       =   ----    ----
   PDATA SIZE       =   ----    ----
   DATA SIZE        =   ----    ----
   IDATA SIZE       =   ----    ----
   BIT SIZE         =   ----    ----
END OF MODULE INFORMATION.


C51 COMPILATION COMPLETE.  0 WARNING(S),  0 ERROR(S)
